C51 COMPILER V7.50   MAIN                                                                  08/17/2014 20:32:46 PAGE 1   


C51 COMPILER V7.50, COMPILATION OF MODULE MAIN
OBJECT MODULE PLACED IN .\output\main.obj
COMPILER INVOKED BY: C:\Keil\C51\BIN\C51.EXE source\main.c LARGE BROWSE INCDIR(.\include\) DEBUG OBJECTEXTEND PRINT(.\li
                    -sting\main.lst) OBJECT(.\output\main.obj)

line level    source

   1          /***************************************************************************/
   2          // 程序：清洗设备控制器
   3          // 模块：主函数 
   4          // 文件：main.c
   5          // 作者：卜晓D
   6          // 版本：V0.02
   7          // 日期：2013年11月8日
   8          // 功能：主函数
   9          // 芯片：STC12C5A60S2
  10          // 编译：Keil uVision3 V3.90
  11          /***************************************************************************/
  12          
  13          #include <reg52.h>
  14          #include <basefunc.h>
  15          #include <parameter.h>
  16          #include <uart.h>
  17          //#include <timer.h>
  18          #include <key.h>
  19          #include <dispatch.h>
  20          
  21          void parameter_send_screen()
  22          {
  23   1              SendDataToScreen(0x0010, currentPosition);
  24   1              SendDataToScreen(0x0000, pulseSettingNum);
  25   1              SendDataToScreen(0x0002, pulseSettingFreq);
  26   1              SendDataToScreen(0x0004, motorStepAngle);
  27   1              SendDataToScreen(0x0006, screwPitch);
  28   1              SendDataToScreen(0x0008, motorReducGearRatio);
  29   1              SendDataToScreen(0x000A, ballScrew);
  30   1              SendDataToScreen(0x000C, motorRotationAngle);
  31   1              SendDataToScreen(0x0012, isStartPosition);
  32   1      }
  33          
  34          
  35          /***************************************************************************/
  36          // 主函数
  37          // 参数：无
  38          // 返回值：无   
  39          /***************************************************************************/
  40          void main()
  41          {
  42   1              delay_ms(500);
  43   1              parameter_init();
  44   1              uart_init();
  45   1              //timer_init();
  46   1              while(1)
  47   1              {
  48   2                      delay_us(100);
  49   2                      if(saveSetting)
  50   2                      {
  51   3                              ChangeScreenPage(0x04);
  52   3                              parameter_save();
  53   3                              ChangeScreenPage(0x02);
  54   3                              saveSetting = 0;
C51 COMPILER V7.50   MAIN                                                                  08/17/2014 20:32:46 PAGE 2   

  55   3                      }
  56   2                      //刷新显示      
  57   2                      if(refreshDisplay)
  58   2                      {
  59   3                              parameter_send_screen();
  60   3                              refreshDisplay = 0;
  61   3                      }
  62   2              }   
  63   1      }
  64          
  65          
  66          
  67          
  68          
  69          
  70          
  71          


MODULE INFORMATION:   STATIC OVERLAYABLE
   CODE SIZE        =    196    ----
   CONSTANT SIZE    =   ----    ----
   XDATA SIZE       =   ----    ----
   PDATA SIZE       =   ----    ----
   DATA SIZE        =   ----    ----
   IDATA SIZE       =   ----    ----
   BIT SIZE         =   ----    ----
END OF MODULE INFORMATION.


C51 COMPILATION COMPLETE.  0 WARNING(S),  0 ERROR(S)
