C51 COMPILER V7.50   PARAMETER                                                             08/19/2014 21:11:07 PAGE 1   


C51 COMPILER V7.50, COMPILATION OF MODULE PARAMETER
OBJECT MODULE PLACED IN .\output\parameter.obj
COMPILER INVOKED BY: C:\Keil\C51\BIN\C51.EXE source\parameter.c LARGE BROWSE INCDIR(.\include\) DEBUG OBJECTEXTEND PRINT
                    -(.\listing\parameter.lst) OBJECT(.\output\parameter.obj)

line level    source

   1          /***************************************************************************/
   2          // 程序：清洗设备控制器
   3          // 模块：参数
   4          // 文件：parameter.c
   5          // 作者：卜晓D
   6          // 版本：V0.02
   7          // 日期：2013年11月8日
   8          // 功能：参数
   9          // 芯片：STC12C5A60S2
  10          // 编译：Keil uVision3 V3.90
  11          /***************************************************************************/
  12          
  13          #include <parameter.h>
  14          #include <eeprom.h>
  15          #include <basefunc.h>
  16          
  17          /***************************************************************************/
  18          // 参数定义     
  19          /***************************************************************************/
  20          unsigned char currentPosition; //当前位置 1~20
  21          unsigned int pulseSettingNum; //脉冲个数
  22          unsigned int pulseSettingFreq; //脉冲频率
  23          unsigned int motorStepAngle; //电机步进角
  24          unsigned int screwPitch; //丝杆丝距
  25          unsigned int motorReducGearRatio; //电机减速比
  26          unsigned int ballScrew; //丝杆导程
  27          unsigned int motorRotationAngle; //电机旋转角
  28          unsigned char isStartPosition; //初始位置
  29          
  30          unsigned char refreshDisplay; //刷新屏幕标志位 0 不刷新 1刷新
  31          
  32          
  33          
  34          /***************************************************************************/
  35          // 读取参数
  36          // 参数：无
  37          // 返回值：0失败 1成功  
  38          /***************************************************************************/
  39          unsigned char parameter_read()
  40          {
  41   1              
  42   1              unsigned char result = 1;
  43   1              delay_ms(10); 
  44   1              if(IapReadByte(IAP_ADDRESS+200) == 0xEE)
  45   1              {       
  46   2                      pulseSettingNum = ((IapReadByte(IAP_ADDRESS+0) << 8) | IapReadByte(IAP_ADDRESS+1));
  47   2                      //pulseSettingFreq = ((IapReadByte(IAP_ADDRESS+2) << 8) | IapReadByte(IAP_ADDRESS+3));
  48   2                      //motorStepAngle = ((IapReadByte(IAP_ADDRESS+4) << 8) | IapReadByte(IAP_ADDRESS+5));
  49   2                      screwPitch = ((IapReadByte(IAP_ADDRESS+6) << 8) | IapReadByte(IAP_ADDRESS+7));
  50   2                      motorReducGearRatio = ((IapReadByte(IAP_ADDRESS+8) << 8) | IapReadByte(IAP_ADDRESS+9));
  51   2                      ballScrew = ((IapReadByte(IAP_ADDRESS+10) << 8) | IapReadByte(IAP_ADDRESS+11));
  52   2                      motorRotationAngle = ((IapReadByte(IAP_ADDRESS+12) << 8) | IapReadByte(IAP_ADDRESS+13));
  53   2                      result = 1;
  54   2              }
C51 COMPILER V7.50   PARAMETER                                                             08/19/2014 21:11:07 PAGE 2   

  55   1              else
  56   1              {
  57   2                      result = 0;
  58   2              }
  59   1              pulseSettingFreq = 0x17B6;
  60   1              motorStepAngle = 0x00E1;
  61   1              return result;
  62   1      }
  63          
  64          /***************************************************************************/
  65          // 参数初始化函数
  66          // 参数：无
  67          // 返回值：无   
  68          /***************************************************************************/
  69          void parameter_init()
  70          {
  71   1              currentPosition = 1; //当前位置 1~20
  72   1              if(!parameter_read())
  73   1              {
  74   2                      pulseSettingNum = 400; //脉冲个数
  75   2                      pulseSettingFreq = 400; //脉冲频率
  76   2                      motorStepAngle = 180; //电机步进角
  77   2                      screwPitch = 200; //丝杆丝距
  78   2                      motorReducGearRatio = 100; //电机减速比
  79   2                      ballScrew = 200; //丝杆导程
  80   2                      motorRotationAngle = 36000; //电机旋转角
  81   2              }
  82   1              isStartPosition = 0; //初始位置
  83   1              refreshDisplay = 1;
  84   1      }
  85          
  86          /***************************************************************************/
  87          // 参数保存到eeprom
  88          // 参数：无
  89          // 返回值：0失败 1成功  
  90          /***************************************************************************/
  91          unsigned char parameter_save()
  92          {
  93   1              
  94   1              unsigned char result = 1;
  95   1          delay_ms(10);                      //Delay
  96   1              IapEraseSector(IAP_ADDRESS); //擦除EEPROM
  97   1              IapProgramByte(IAP_ADDRESS+0, (BYTE)(pulseSettingNum>>8));
  98   1              IapProgramByte(IAP_ADDRESS+1, (BYTE)pulseSettingNum);
  99   1              IapProgramByte(IAP_ADDRESS+2, (BYTE)(pulseSettingFreq>>8));
 100   1              IapProgramByte(IAP_ADDRESS+3, (BYTE)pulseSettingFreq);
 101   1              IapProgramByte(IAP_ADDRESS+4, (BYTE)(motorStepAngle>>8));
 102   1              IapProgramByte(IAP_ADDRESS+5, (BYTE)motorStepAngle);
 103   1              IapProgramByte(IAP_ADDRESS+6, (BYTE)(screwPitch>>8));
 104   1              IapProgramByte(IAP_ADDRESS+7, (BYTE)screwPitch);
 105   1              IapProgramByte(IAP_ADDRESS+8, (BYTE)(motorReducGearRatio>>8));
 106   1              IapProgramByte(IAP_ADDRESS+9, (BYTE)motorReducGearRatio);
 107   1              IapProgramByte(IAP_ADDRESS+10, (BYTE)(ballScrew>>8));
 108   1              IapProgramByte(IAP_ADDRESS+11, (BYTE)ballScrew);
 109   1              IapProgramByte(IAP_ADDRESS+12, (BYTE)(motorRotationAngle>>8));
 110   1              IapProgramByte(IAP_ADDRESS+13, (BYTE)motorRotationAngle);
 111   1              IapProgramByte(IAP_ADDRESS+200, 0xEE); //写入标志位
 112   1              refreshDisplay = 0;
 113   1              return result;
 114   1      }
 115          
 116          
C51 COMPILER V7.50   PARAMETER                                                             08/19/2014 21:11:07 PAGE 3   



MODULE INFORMATION:   STATIC OVERLAYABLE
   CODE SIZE        =    552    ----
   CONSTANT SIZE    =   ----    ----
   XDATA SIZE       =     17       2
   PDATA SIZE       =   ----    ----
   DATA SIZE        =   ----    ----
   IDATA SIZE       =   ----    ----
   BIT SIZE         =   ----    ----
END OF MODULE INFORMATION.


C51 COMPILATION COMPLETE.  0 WARNING(S),  0 ERROR(S)
