C51 COMPILER V7.50   SCREEN                                                                08/08/2015 15:51:34 PAGE 1   


C51 COMPILER V7.50, COMPILATION OF MODULE SCREEN
OBJECT MODULE PLACED IN .\output\screen.obj
COMPILER INVOKED BY: d:\Keil\C51\BIN\C51.EXE source\screen.c LARGE BROWSE INCDIR(.\include\) DEBUG OBJECTEXTEND PRINT(.\
                    -listing\screen.lst) OBJECT(.\output\screen.obj)

line level    source

   1          #include "screen.h"
   2          #include "uart.h"
   3          
   4          void SendLongDataToScreen(WORD address, LONG dat)
   5          {
   6   1              SendData(0x5A);
   7   1              SendData(0xA5);
   8   1              SendData(0x07);
   9   1              SendData(0x82);
  10   1              SendData(address>>8);
  11   1              SendData(address);
  12   1              SendData((dat>>24) & 0xFF);
  13   1              SendData((dat>>16) & 0xFF);
  14   1              SendData((dat>>8) & 0xFF);
  15   1              SendData(dat & 0xFF);
  16   1      }
  17          
  18          
  19          void SendDataToScreen(WORD address, WORD dat)
  20          {
  21   1              SendData(0x5A);
  22   1              SendData(0xA5);
  23   1              SendData(0x05);
  24   1              SendData(0x82);
  25   1              SendData(address>>8);
  26   1              SendData(address);
  27   1              SendData(dat>>8);
  28   1              SendData(dat);
  29   1      }
  30          
  31          void ChangeScreenPage(WORD page)
  32          {
  33   1              SendData(0x5A);
  34   1              SendData(0xA5);
  35   1              SendData(0x04);
  36   1              SendData(0x80);
  37   1              SendData(0x03);
  38   1              SendData(page>>8);
  39   1              SendData(page);
  40   1      }
  41          
  42          


MODULE INFORMATION:   STATIC OVERLAYABLE
   CODE SIZE        =    250    ----
   CONSTANT SIZE    =   ----    ----
   XDATA SIZE       =   ----      12
   PDATA SIZE       =   ----    ----
   DATA SIZE        =   ----    ----
   IDATA SIZE       =   ----    ----
   BIT SIZE         =   ----    ----
END OF MODULE INFORMATION.


C51 COMPILATION COMPLETE.  0 WARNING(S),  0 ERROR(S)
